<testsuites>
    <testsuite name="system_tests_suite" errors="1" failures="1" skipped="6" tests="10" time="0.747" timestamp="2025-09-12T08:58:47.879135" hostname="COMP-C02FL1L0ML87">
        <properties>
            <property name="dd_tags[systest.suite.context.scenario]" value="MOCK_THE_TEST" />
        </properties>
        <testcase name="tests.test_the_test.test_junit.Test_Cases.test_error" time="0.000">
            <properties>
                <property name="dd_tags[systest.case.outcome]" value="error" />
                <property name="test.codeowners" value="[&quot;@DataDog/apm-sdk-capabilities&quot;]" />
            </properties>
            <error message="failed on setup with &quot;TypeError: nope!&quot;">@pytest.fixture
    def error_fixture():
&gt;       raise TypeError("nope!")
E       TypeError: nope!

tests/test_the_test/test_junit.py:15: TypeError</error>
        </testcase>
        <testcase name="tests.test_the_test.test_junit.Test_Cases.test_error_on_bug" time="0.000">
            <properties>
                <property name="dd_tags[systest.case.outcome]" value="xfailed" />
                <property name="test.codeowners" value="[&quot;@DataDog/apm-sdk-capabilities&quot;]" />
                <property name="dd_tags[systest.case.declaration]" value="bug" />
                <property name="dd_tags[systest.case.declarationDetails]" value="APMRP-360" />
            </properties>
            <skipped type="pytest.xfail" message="bug (APMRP-360)" />
        </testcase>
        <testcase name="tests.test_the_test.test_junit.Test_Cases.test_error_on_missing_feature" time="0.000">
            <properties>
                <property name="dd_tags[systest.case.outcome]" value="xfailed" />
                <property name="test.codeowners" value="[&quot;@DataDog/apm-sdk-capabilities&quot;]" />
                <property name="dd_tags[systest.case.declaration]" value="missing_feature" />
                <property name="dd_tags[systest.case.declarationDetails]" value="APMRP-360" />
            </properties>
            <skipped type="pytest.xfail" message="missing_feature (APMRP-360)" />
        </testcase>
        <testcase name="tests.test_the_test.test_junit.Test_Cases.test_fail" time="0.000">
            <properties>
                <property name="test.codeowners" value="[&quot;@DataDog/apm-sdk-capabilities&quot;]"/>
                <property name="dd_tags[systest.case.outcome]" value="failed"/>
            </properties>
            <failure message="Failed: dummy">self = &lt;tests.test_the_test.test_junit.Test_Cases object at 0x10cf01eb0&gt;
    def test_fail(self):
&gt;       pytest.fail("dummy")
E       Failed: dummy
tests/test_the_test/test_junit.py:20: Failed</failure>
        </testcase>
        <testcase name="tests.test_the_test.test_junit.Test_Cases.test_flaky" time="0.000">
            <properties>
                <property name="dd_tags[systest.case.outcome]" value="skipped"/>
                <property name="test.codeowners" value="[&quot;@DataDog/apm-sdk-capabilities&quot;]"/>
                <property name="dd_tags[systest.case.declaration]" value="flaky"/>
                <property name="dd_tags[systest.case.declarationDetails]" value="APMRP-360"/>
            </properties>
            <skipped type="pytest.skip" message="flaky (APMRP-360)">/Users/charles.debeauchesne/repos/system-tests/tests/test_the_test/test_junit.py:34: flaky (APMRP-360)</skipped>
        </testcase>
        <testcase name="tests.test_the_test.test_junit.Test_Cases.test_force_skip">
            <properties>
                <property name="dd_tags[systest.case.outcome]" value="skipped"/>
                <property name="test.codeowners" value="[&quot;@DataDog/apm-sdk-capabilities&quot;]"/>
                <property name="dd_tags[systest.case.declaration]" value="bug"/>
                <property name="dd_tags[systest.case.declarationDetails]" value="APMRP-360"/>
            </properties>
            <skipped message="bug (APMRP-360)" type="pytest.skip">system-tests/tests/test_the_test/test_junit.py:01: bug (APMRP-360)</skipped>
        </testcase>
        <testcase name="tests.test_the_test.test_junit.Test_Cases.test_pass">
            <properties>
                <property name="test.codeowners" value="[&quot;@DataDog/apm-sdk-capabilities&quot;]"/>
                <property name="dd_tags[systest.case.outcome]" value="passed"/>
            </properties>
        </testcase>
        <testcase name="tests.test_the_test.test_junit.Test_Cases.test_skipped" time="0.000">
            <properties>
                <property name="dd_tags[systest.case.outcome]" value="skipped"/>
                <property name="test.codeowners" value="[&quot;@DataDog/apm-sdk-capabilities&quot;]"/>
                <property name="dd_tags[systest.case.declaration]" value="irrelevant"/>
            </properties>
            <skipped type="pytest.skip" message="irrelevant">/Users/charles.debeauchesne/repos/system-tests/tests/test_the_test/test_junit.py:22: irrelevant</skipped>
        </testcase>
        <testcase name="tests.test_the_test.test_junit.Test_Cases.test_xfail" time="0.000">
            <properties>
                <property name="test.codeowners" value="[&quot;@DataDog/apm-sdk-capabilities&quot;]"/>
                <property name="dd_tags[systest.case.declaration]" value="bug"/>
                <property name="dd_tags[systest.case.declarationDetails]" value="APMRP-360"/>
                <property name="dd_tags[systest.case.outcome]" value="xfailed"/>
            </properties>
            <skipped type="pytest.xfail" message="bug (APMRP-360)" />
        </testcase>
        <testcase name="tests.test_the_test.test_junit.Test_Cases.test_xpass" time="0.000">
            <properties>
                <property name="test.codeowners" value="[&quot;@DataDog/apm-sdk-capabilities&quot;]"/>
                <property name="dd_tags[systest.case.declaration]" value="bug"/>
                <property name="dd_tags[systest.case.declarationDetails]" value="APMRP-360"/>
                <property name="dd_tags[systest.case.outcome]" value="xpassed"/>
            </properties>
        </testcase>
    </testsuite>
</testsuites>
